[2026-04-18T07:07:27.969Z] info: kubernetes.yaml was copied to the config folder
[2026-04-18T07:22:32.690Z] error: Host validation failed for: home.gawley.net. Hint: Set the HOMEPAGE_ALLOWED_HOSTS environment variable to allow requests from this host / port.
[2026-04-18T07:22:32.800Z] error: Host validation failed for: home.gawley.net. Hint: Set the HOMEPAGE_ALLOWED_HOSTS environment variable to allow requests from this host / port.
[2026-04-18T07:22:32.803Z] error: Host validation failed for: home.gawley.net. Hint: Set the HOMEPAGE_ALLOWED_HOSTS environment variable to allow requests from this host / port.
[2026-04-18T07:22:32.805Z] error: Host validation failed for: home.gawley.net. Hint: Set the HOMEPAGE_ALLOWED_HOSTS environment variable to allow requests from this host / port.
[2026-04-18T07:22:32.810Z] error: Host validation failed for: home.gawley.net. Hint: Set the HOMEPAGE_ALLOWED_HOSTS environment variable to allow requests from this host / port.
[2026-04-18T07:22:32.815Z] error: Host validation failed for: home.gawley.net. Hint: Set the HOMEPAGE_ALLOWED_HOSTS environment variable to allow requests from this host / port.
[2026-04-18T07:22:32.817Z] error: Host validation failed for: home.gawley.net. Hint: Set the HOMEPAGE_ALLOWED_HOSTS environment variable to allow requests from this host / port.
[2026-04-18T07:22:32.819Z] error: Host validation failed for: home.gawley.net. Hint: Set the HOMEPAGE_ALLOWED_HOSTS environment variable to allow requests from this host / port.
[2026-04-18T07:22:32.821Z] error: Host validation failed for: home.gawley.net. Hint: Set the HOMEPAGE_ALLOWED_HOSTS environment variable to allow requests from this host / port.
[2026-04-18T07:22:32.824Z] error: Host validation failed for: home.gawley.net. Hint: Set the HOMEPAGE_ALLOWED_HOSTS environment variable to allow requests from this host / port.
[2026-04-18T07:22:32.826Z] error: Host validation failed for: home.gawley.net. Hint: Set the HOMEPAGE_ALLOWED_HOSTS environment variable to allow requests from this host / port.
[2026-04-18T07:25:23.577Z] error: Host validation failed for: home.gawley.net. Hint: Set the HOMEPAGE_ALLOWED_HOSTS environment variable to allow requests from this host / port.
[2026-04-18T07:25:23.580Z] error: Host validation failed for: home.gawley.net. Hint: Set the HOMEPAGE_ALLOWED_HOSTS environment variable to allow requests from this host / port.
[2026-04-18T07:25:25.573Z] error: Host validation failed for: home.gawley.net. Hint: Set the HOMEPAGE_ALLOWED_HOSTS environment variable to allow requests from this host / port.
[2026-04-18T07:25:25.602Z] error: Host validation failed for: home.gawley.net. Hint: Set the HOMEPAGE_ALLOWED_HOSTS environment variable to allow requests from this host / port.
[2026-04-18T07:25:25.604Z] error: Host validation failed for: home.gawley.net. Hint: Set the HOMEPAGE_ALLOWED_HOSTS environment variable to allow requests from this host / port.
[2026-04-18T07:25:25.607Z] error: Host validation failed for: home.gawley.net. Hint: Set the HOMEPAGE_ALLOWED_HOSTS environment variable to allow requests from this host / port.
[2026-04-18T07:25:25.610Z] error: Host validation failed for: home.gawley.net. Hint: Set the HOMEPAGE_ALLOWED_HOSTS environment variable to allow requests from this host / port.
[2026-04-18T07:25:25.612Z] error: Host validation failed for: home.gawley.net. Hint: Set the HOMEPAGE_ALLOWED_HOSTS environment variable to allow requests from this host / port.
[2026-04-18T07:25:25.614Z] error: Host validation failed for: home.gawley.net. Hint: Set the HOMEPAGE_ALLOWED_HOSTS environment variable to allow requests from this host / port.
[2026-04-18T07:25:25.616Z] error: Host validation failed for: home.gawley.net. Hint: Set the HOMEPAGE_ALLOWED_HOSTS environment variable to allow requests from this host / port.
[2026-04-18T07:25:25.618Z] error: Host validation failed for: home.gawley.net. Hint: Set the HOMEPAGE_ALLOWED_HOSTS environment variable to allow requests from this host / port.
[2026-04-18T07:25:25.620Z] error: Host validation failed for: home.gawley.net. Hint: Set the HOMEPAGE_ALLOWED_HOSTS environment variable to allow requests from this host / port.
[2026-04-18T07:25:25.621Z] error: Host validation failed for: home.gawley.net. Hint: Set the HOMEPAGE_ALLOWED_HOSTS environment variable to allow requests from this host / port.
[2026-04-18T07:25:25.623Z] error: Host validation failed for: home.gawley.net. Hint: Set the HOMEPAGE_ALLOWED_HOSTS environment variable to allow requests from this host / port.
[2026-04-18T07:25:25.626Z] error: Host validation failed for: home.gawley.net. Hint: Set the HOMEPAGE_ALLOWED_HOSTS environment variable to allow requests from this host / port.
[2026-04-18T07:25:26.224Z] error: Host validation failed for: home.gawley.net. Hint: Set the HOMEPAGE_ALLOWED_HOSTS environment variable to allow requests from this host / port.
[2026-04-18T07:25:26.245Z] error: Host validation failed for: home.gawley.net. Hint: Set the HOMEPAGE_ALLOWED_HOSTS environment variable to allow requests from this host / port.
[2026-04-18T07:25:26.248Z] error: Host validation failed for: home.gawley.net. Hint: Set the HOMEPAGE_ALLOWED_HOSTS environment variable to allow requests from this host / port.
[2026-04-18T07:25:26.250Z] error: Host validation failed for: home.gawley.net. Hint: Set the HOMEPAGE_ALLOWED_HOSTS environment variable to allow requests from this host / port.
[2026-04-18T07:25:26.253Z] error: Host validation failed for: home.gawley.net. Hint: Set the HOMEPAGE_ALLOWED_HOSTS environment variable to allow requests from this host / port.
[2026-04-18T07:25:26.255Z] error: Host validation failed for: home.gawley.net. Hint: Set the HOMEPAGE_ALLOWED_HOSTS environment variable to allow requests from this host / port.
[2026-04-18T07:25:26.258Z] error: Host validation failed for: home.gawley.net. Hint: Set the HOMEPAGE_ALLOWED_HOSTS environment variable to allow requests from this host / port.
[2026-04-18T07:25:26.260Z] error: Host validation failed for: home.gawley.net. Hint: Set the HOMEPAGE_ALLOWED_HOSTS environment variable to allow requests from this host / port.
[2026-04-18T07:25:26.262Z] error: Host validation failed for: home.gawley.net. Hint: Set the HOMEPAGE_ALLOWED_HOSTS environment variable to allow requests from this host / port.
[2026-04-18T07:25:26.263Z] error: Host validation failed for: home.gawley.net. Hint: Set the HOMEPAGE_ALLOWED_HOSTS environment variable to allow requests from this host / port.
[2026-04-18T07:25:26.265Z] error: Host validation failed for: home.gawley.net. Hint: Set the HOMEPAGE_ALLOWED_HOSTS environment variable to allow requests from this host / port.
[2026-04-18T07:25:26.267Z] error: Host validation failed for: home.gawley.net. Hint: Set the HOMEPAGE_ALLOWED_HOSTS environment variable to allow requests from this host / port.
[2026-04-18T07:25:26.271Z] error: Host validation failed for: home.gawley.net. Hint: Set the HOMEPAGE_ALLOWED_HOSTS environment variable to allow requests from this host / port.
[2026-04-18T07:25:26.693Z] error: Host validation failed for: home.gawley.net. Hint: Set the HOMEPAGE_ALLOWED_HOSTS environment variable to allow requests from this host / port.
[2026-04-18T07:25:26.717Z] error: Host validation failed for: home.gawley.net. Hint: Set the HOMEPAGE_ALLOWED_HOSTS environment variable to allow requests from this host / port.
[2026-04-18T07:25:26.720Z] error: Host validation failed for: home.gawley.net. Hint: Set the HOMEPAGE_ALLOWED_HOSTS environment variable to allow requests from this host / port.
[2026-04-18T07:25:26.722Z] error: Host validation failed for: home.gawley.net. Hint: Set the HOMEPAGE_ALLOWED_HOSTS environment variable to allow requests from this host / port.
[2026-04-18T07:25:26.724Z] error: Host validation failed for: home.gawley.net. Hint: Set the HOMEPAGE_ALLOWED_HOSTS environment variable to allow requests from this host / port.
[2026-04-18T07:25:26.726Z] error: Host validation failed for: home.gawley.net. Hint: Set the HOMEPAGE_ALLOWED_HOSTS environment variable to allow requests from this host / port.
[2026-04-18T07:25:26.730Z] error: Host validation failed for: home.gawley.net. Hint: Set the HOMEPAGE_ALLOWED_HOSTS environment variable to allow requests from this host / port.
[2026-04-18T07:25:26.731Z] error: Host validation failed for: home.gawley.net. Hint: Set the HOMEPAGE_ALLOWED_HOSTS environment variable to allow requests from this host / port.
[2026-04-18T07:25:26.733Z] error: Host validation failed for: home.gawley.net. Hint: Set the HOMEPAGE_ALLOWED_HOSTS environment variable to allow requests from this host / port.
[2026-04-18T07:25:26.735Z] error: Host validation failed for: home.gawley.net. Hint: Set the HOMEPAGE_ALLOWED_HOSTS environment variable to allow requests from this host / port.
[2026-04-18T07:25:26.737Z] error: Host validation failed for: home.gawley.net. Hint: Set the HOMEPAGE_ALLOWED_HOSTS environment variable to allow requests from this host / port.
[2026-04-18T07:25:26.738Z] error: Host validation failed for: home.gawley.net. Hint: Set the HOMEPAGE_ALLOWED_HOSTS environment variable to allow requests from this host / port.
[2026-04-18T07:25:26.742Z] error: Host validation failed for: home.gawley.net. Hint: Set the HOMEPAGE_ALLOWED_HOSTS environment variable to allow requests from this host / port.
[2026-04-18T07:25:27.324Z] error: Host validation failed for: home.gawley.net. Hint: Set the HOMEPAGE_ALLOWED_HOSTS environment variable to allow requests from this host / port.
[2026-04-18T07:25:27.345Z] error: Host validation failed for: home.gawley.net. Hint: Set the HOMEPAGE_ALLOWED_HOSTS environment variable to allow requests from this host / port.
[2026-04-18T07:25:27.347Z] error: Host validation failed for: home.gawley.net. Hint: Set the HOMEPAGE_ALLOWED_HOSTS environment variable to allow requests from this host / port.
[2026-04-18T07:25:27.350Z] error: Host validation failed for: home.gawley.net. Hint: Set the HOMEPAGE_ALLOWED_HOSTS environment variable to allow requests from this host / port.
[2026-04-18T07:25:27.353Z] error: Host validation failed for: home.gawley.net. Hint: Set the HOMEPAGE_ALLOWED_HOSTS environment variable to allow requests from this host / port.
[2026-04-18T07:25:27.354Z] error: Host validation failed for: home.gawley.net. Hint: Set the HOMEPAGE_ALLOWED_HOSTS environment variable to allow requests from this host / port.
[2026-04-18T07:25:27.356Z] error: Host validation failed for: home.gawley.net. Hint: Set the HOMEPAGE_ALLOWED_HOSTS environment variable to allow requests from this host / port.
[2026-04-18T07:25:27.358Z] error: Host validation failed for: home.gawley.net. Hint: Set the HOMEPAGE_ALLOWED_HOSTS environment variable to allow requests from this host / port.
[2026-04-18T07:25:27.360Z] error: Host validation failed for: home.gawley.net. Hint: Set the HOMEPAGE_ALLOWED_HOSTS environment variable to allow requests from this host / port.
[2026-04-18T07:25:27.361Z] error: Host validation failed for: home.gawley.net. Hint: Set the HOMEPAGE_ALLOWED_HOSTS environment variable to allow requests from this host / port.
[2026-04-18T07:25:27.364Z] error: Host validation failed for: home.gawley.net. Hint: Set the HOMEPAGE_ALLOWED_HOSTS environment variable to allow requests from this host / port.
[2026-04-18T07:25:27.366Z] error: Host validation failed for: home.gawley.net. Hint: Set the HOMEPAGE_ALLOWED_HOSTS environment variable to allow requests from this host / port.
[2026-04-18T07:25:27.370Z] error: Host validation failed for: home.gawley.net. Hint: Set the HOMEPAGE_ALLOWED_HOSTS environment variable to allow requests from this host / port.
[2026-04-18T07:25:28.058Z] error: Host validation failed for: home.gawley.net. Hint: Set the HOMEPAGE_ALLOWED_HOSTS environment variable to allow requests from this host / port.
[2026-04-18T07:25:28.080Z] error: Host validation failed for: home.gawley.net. Hint: Set the HOMEPAGE_ALLOWED_HOSTS environment variable to allow requests from this host / port.
[2026-04-18T07:25:28.082Z] error: Host validation failed for: home.gawley.net. Hint: Set the HOMEPAGE_ALLOWED_HOSTS environment variable to allow requests from this host / port.
[2026-04-18T07:25:28.085Z] error: Host validation failed for: home.gawley.net. Hint: Set the HOMEPAGE_ALLOWED_HOSTS environment variable to allow requests from this host / port.
[2026-04-18T07:25:28.087Z] error: Host validation failed for: home.gawley.net. Hint: Set the HOMEPAGE_ALLOWED_HOSTS environment variable to allow requests from this host / port.
[2026-04-18T07:25:28.089Z] error: Host validation failed for: home.gawley.net. Hint: Set the HOMEPAGE_ALLOWED_HOSTS environment variable to allow requests from this host / port.
[2026-04-18T07:25:28.092Z] error: Host validation failed for: home.gawley.net. Hint: Set the HOMEPAGE_ALLOWED_HOSTS environment variable to allow requests from this host / port.
[2026-04-18T07:25:28.093Z] error: Host validation failed for: home.gawley.net. Hint: Set the HOMEPAGE_ALLOWED_HOSTS environment variable to allow requests from this host / port.
[2026-04-18T07:25:28.095Z] error: Host validation failed for: home.gawley.net. Hint: Set the HOMEPAGE_ALLOWED_HOSTS environment variable to allow requests from this host / port.
[2026-04-18T07:25:28.096Z] error: Host validation failed for: home.gawley.net. Hint: Set the HOMEPAGE_ALLOWED_HOSTS environment variable to allow requests from this host / port.
[2026-04-18T07:25:28.099Z] error: Host validation failed for: home.gawley.net. Hint: Set the HOMEPAGE_ALLOWED_HOSTS environment variable to allow requests from this host / port.
[2026-04-18T07:25:28.100Z] error: Host validation failed for: home.gawley.net. Hint: Set the HOMEPAGE_ALLOWED_HOSTS environment variable to allow requests from this host / port.
[2026-04-18T07:25:28.104Z] error: Host validation failed for: home.gawley.net. Hint: Set the HOMEPAGE_ALLOWED_HOSTS environment variable to allow requests from this host / port.
[2026-04-18T07:25:28.602Z] error: Host validation failed for: home.gawley.net. Hint: Set the HOMEPAGE_ALLOWED_HOSTS environment variable to allow requests from this host / port.
[2026-04-18T07:25:28.622Z] error: Host validation failed for: home.gawley.net. Hint: Set the HOMEPAGE_ALLOWED_HOSTS environment variable to allow requests from this host / port.
[2026-04-18T07:25:28.626Z] error: Host validation failed for: home.gawley.net. Hint: Set the HOMEPAGE_ALLOWED_HOSTS environment variable to allow requests from this host / port.
[2026-04-18T07:25:28.629Z] error: Host validation failed for: home.gawley.net. Hint: Set the HOMEPAGE_ALLOWED_HOSTS environment variable to allow requests from this host / port.
[2026-04-18T07:25:28.631Z] error: Host validation failed for: home.gawley.net. Hint: Set the HOMEPAGE_ALLOWED_HOSTS environment variable to allow requests from this host / port.
[2026-04-18T07:25:28.633Z] error: Host validation failed for: home.gawley.net. Hint: Set the HOMEPAGE_ALLOWED_HOSTS environment variable to allow requests from this host / port.
[2026-04-18T07:25:28.635Z] error: Host validation failed for: home.gawley.net. Hint: Set the HOMEPAGE_ALLOWED_HOSTS environment variable to allow requests from this host / port.
[2026-04-18T07:25:28.637Z] error: Host validation failed for: home.gawley.net. Hint: Set the HOMEPAGE_ALLOWED_HOSTS environment variable to allow requests from this host / port.
[2026-04-18T07:25:28.639Z] error: Host validation failed for: home.gawley.net. Hint: Set the HOMEPAGE_ALLOWED_HOSTS environment variable to allow requests from this host / port.
[2026-04-18T07:25:28.641Z] error: Host validation failed for: home.gawley.net. Hint: Set the HOMEPAGE_ALLOWED_HOSTS environment variable to allow requests from this host / port.
[2026-04-18T07:25:28.642Z] error: Host validation failed for: home.gawley.net. Hint: Set the HOMEPAGE_ALLOWED_HOSTS environment variable to allow requests from this host / port.
[2026-04-18T07:25:28.644Z] error: Host validation failed for: home.gawley.net. Hint: Set the HOMEPAGE_ALLOWED_HOSTS environment variable to allow requests from this host / port.
[2026-04-18T07:25:28.647Z] error: Host validation failed for: home.gawley.net. Hint: Set the HOMEPAGE_ALLOWED_HOSTS environment variable to allow requests from this host / port.
[2026-04-18T07:25:29.127Z] error: Host validation failed for: home.gawley.net. Hint: Set the HOMEPAGE_ALLOWED_HOSTS environment variable to allow requests from this host / port.
[2026-04-18T07:25:29.151Z] error: Host validation failed for: home.gawley.net. Hint: Set the HOMEPAGE_ALLOWED_HOSTS environment variable to allow requests from this host / port.
[2026-04-18T07:25:29.153Z] error: Host validation failed for: home.gawley.net. Hint: Set the HOMEPAGE_ALLOWED_HOSTS environment variable to allow requests from this host / port.
[2026-04-18T07:25:29.156Z] error: Host validation failed for: home.gawley.net. Hint: Set the HOMEPAGE_ALLOWED_HOSTS environment variable to allow requests from this host / port.
[2026-04-18T07:25:29.158Z] error: Host validation failed for: home.gawley.net. Hint: Set the HOMEPAGE_ALLOWED_HOSTS environment variable to allow requests from this host / port.
[2026-04-18T07:25:29.160Z] error: Host validation failed for: home.gawley.net. Hint: Set the HOMEPAGE_ALLOWED_HOSTS environment variable to allow requests from this host / port.
[2026-04-18T07:25:29.162Z] error: Host validation failed for: home.gawley.net. Hint: Set the HOMEPAGE_ALLOWED_HOSTS environment variable to allow requests from this host / port.
[2026-04-18T07:25:29.164Z] error: Host validation failed for: home.gawley.net. Hint: Set the HOMEPAGE_ALLOWED_HOSTS environment variable to allow requests from this host / port.
[2026-04-18T07:25:29.166Z] error: Host validation failed for: home.gawley.net. Hint: Set the HOMEPAGE_ALLOWED_HOSTS environment variable to allow requests from this host / port.
[2026-04-18T07:25:29.169Z] error: Host validation failed for: home.gawley.net. Hint: Set the HOMEPAGE_ALLOWED_HOSTS environment variable to allow requests from this host / port.
[2026-04-18T07:25:29.171Z] error: Host validation failed for: home.gawley.net. Hint: Set the HOMEPAGE_ALLOWED_HOSTS environment variable to allow requests from this host / port.
[2026-04-18T07:25:29.173Z] error: Host validation failed for: home.gawley.net. Hint: Set the HOMEPAGE_ALLOWED_HOSTS environment variable to allow requests from this host / port.
[2026-04-18T07:25:29.177Z] error: Host validation failed for: home.gawley.net. Hint: Set the HOMEPAGE_ALLOWED_HOSTS environment variable to allow requests from this host / port.
[2026-04-18T07:25:29.649Z] error: Host validation failed for: home.gawley.net. Hint: Set the HOMEPAGE_ALLOWED_HOSTS environment variable to allow requests from this host / port.
[2026-04-18T07:25:29.676Z] error: Host validation failed for: home.gawley.net. Hint: Set the HOMEPAGE_ALLOWED_HOSTS environment variable to allow requests from this host / port.
[2026-04-18T07:25:29.678Z] error: Host validation failed for: home.gawley.net. Hint: Set the HOMEPAGE_ALLOWED_HOSTS environment variable to allow requests from this host / port.
[2026-04-18T07:25:29.680Z] error: Host validation failed for: home.gawley.net. Hint: Set the HOMEPAGE_ALLOWED_HOSTS environment variable to allow requests from this host / port.
[2026-04-18T07:25:29.682Z] error: Host validation failed for: home.gawley.net. Hint: Set the HOMEPAGE_ALLOWED_HOSTS environment variable to allow requests from this host / port.
[2026-04-18T07:25:29.684Z] error: Host validation failed for: home.gawley.net. Hint: Set the HOMEPAGE_ALLOWED_HOSTS environment variable to allow requests from this host / port.
[2026-04-18T07:25:29.686Z] error: Host validation failed for: home.gawley.net. Hint: Set the HOMEPAGE_ALLOWED_HOSTS environment variable to allow requests from this host / port.
[2026-04-18T07:25:29.688Z] error: Host validation failed for: home.gawley.net. Hint: Set the HOMEPAGE_ALLOWED_HOSTS environment variable to allow requests from this host / port.
[2026-04-18T07:25:29.690Z] error: Host validation failed for: home.gawley.net. Hint: Set the HOMEPAGE_ALLOWED_HOSTS environment variable to allow requests from this host / port.
[2026-04-18T07:25:29.692Z] error: Host validation failed for: home.gawley.net. Hint: Set the HOMEPAGE_ALLOWED_HOSTS environment variable to allow requests from this host / port.
[2026-04-18T07:25:29.694Z] error: Host validation failed for: home.gawley.net. Hint: Set the HOMEPAGE_ALLOWED_HOSTS environment variable to allow requests from this host / port.
[2026-04-18T07:25:29.695Z] error: Host validation failed for: home.gawley.net. Hint: Set the HOMEPAGE_ALLOWED_HOSTS environment variable to allow requests from this host / port.
[2026-04-18T07:25:29.700Z] error: Host validation failed for: home.gawley.net. Hint: Set the HOMEPAGE_ALLOWED_HOSTS environment variable to allow requests from this host / port.
[2026-04-18T07:25:30.169Z] error: Host validation failed for: home.gawley.net. Hint: Set the HOMEPAGE_ALLOWED_HOSTS environment variable to allow requests from this host / port.
[2026-04-18T07:25:30.191Z] error: Host validation failed for: home.gawley.net. Hint: Set the HOMEPAGE_ALLOWED_HOSTS environment variable to allow requests from this host / port.
[2026-04-18T07:25:30.193Z] error: Host validation failed for: home.gawley.net. Hint: Set the HOMEPAGE_ALLOWED_HOSTS environment variable to allow requests from this host / port.
[2026-04-18T07:25:30.196Z] error: Host validation failed for: home.gawley.net. Hint: Set the HOMEPAGE_ALLOWED_HOSTS environment variable to allow requests from this host / port.
[2026-04-18T07:25:30.199Z] error: Host validation failed for: home.gawley.net. Hint: Set the HOMEPAGE_ALLOWED_HOSTS environment variable to allow requests from this host / port.
[2026-04-18T07:25:30.201Z] error: Host validation failed for: home.gawley.net. Hint: Set the HOMEPAGE_ALLOWED_HOSTS environment variable to allow requests from this host / port.
[2026-04-18T07:25:30.203Z] error: Host validation failed for: home.gawley.net. Hint: Set the HOMEPAGE_ALLOWED_HOSTS environment variable to allow requests from this host / port.
[2026-04-18T07:25:30.205Z] error: Host validation failed for: home.gawley.net. Hint: Set the HOMEPAGE_ALLOWED_HOSTS environment variable to allow requests from this host / port.
[2026-04-18T07:25:30.206Z] error: Host validation failed for: home.gawley.net. Hint: Set the HOMEPAGE_ALLOWED_HOSTS environment variable to allow requests from this host / port.
[2026-04-18T07:25:30.209Z] error: Host validation failed for: home.gawley.net. Hint: Set the HOMEPAGE_ALLOWED_HOSTS environment variable to allow requests from this host / port.
[2026-04-18T07:25:30.211Z] error: Host validation failed for: home.gawley.net. Hint: Set the HOMEPAGE_ALLOWED_HOSTS environment variable to allow requests from this host / port.
[2026-04-18T07:25:30.212Z] error: Host validation failed for: home.gawley.net. Hint: Set the HOMEPAGE_ALLOWED_HOSTS environment variable to allow requests from this host / port.
[2026-04-18T07:25:30.215Z] error: Host validation failed for: home.gawley.net. Hint: Set the HOMEPAGE_ALLOWED_HOSTS environment variable to allow requests from this host / port.
[2026-04-18T07:25:30.699Z] error: Host validation failed for: home.gawley.net. Hint: Set the HOMEPAGE_ALLOWED_HOSTS environment variable to allow requests from this host / port.
[2026-04-18T07:25:30.720Z] error: Host validation failed for: home.gawley.net. Hint: Set the HOMEPAGE_ALLOWED_HOSTS environment variable to allow requests from this host / port.
[2026-04-18T07:25:30.721Z] error: Host validation failed for: home.gawley.net. Hint: Set the HOMEPAGE_ALLOWED_HOSTS environment variable to allow requests from this host / port.
[2026-04-18T07:25:30.722Z] error: Host validation failed for: home.gawley.net. Hint: Set the HOMEPAGE_ALLOWED_HOSTS environment variable to allow requests from this host / port.
[2026-04-18T07:25:30.723Z] error: Host validation failed for: home.gawley.net. Hint: Set the HOMEPAGE_ALLOWED_HOSTS environment variable to allow requests from this host / port.
[2026-04-18T07:25:30.725Z] error: Host validation failed for: home.gawley.net. Hint: Set the HOMEPAGE_ALLOWED_HOSTS environment variable to allow requests from this host / port.
[2026-04-18T07:25:30.728Z] error: Host validation failed for: home.gawley.net. Hint: Set the HOMEPAGE_ALLOWED_HOSTS environment variable to allow requests from this host / port.
[2026-04-18T07:25:30.732Z] error: Host validation failed for: home.gawley.net. Hint: Set the HOMEPAGE_ALLOWED_HOSTS environment variable to allow requests from this host / port.
[2026-04-18T07:25:30.733Z] error: Host validation failed for: home.gawley.net. Hint: Set the HOMEPAGE_ALLOWED_HOSTS environment variable to allow requests from this host / port.
[2026-04-18T07:25:30.734Z] error: Host validation failed for: home.gawley.net. Hint: Set the HOMEPAGE_ALLOWED_HOSTS environment variable to allow requests from this host / port.
[2026-04-18T07:25:30.736Z] error: Host validation failed for: home.gawley.net. Hint: Set the HOMEPAGE_ALLOWED_HOSTS environment variable to allow requests from this host / port.
[2026-04-18T07:25:30.738Z] error: Host validation failed for: home.gawley.net. Hint: Set the HOMEPAGE_ALLOWED_HOSTS environment variable to allow requests from this host / port.
[2026-04-18T07:25:30.741Z] error: Host validation failed for: home.gawley.net. Hint: Set the HOMEPAGE_ALLOWED_HOSTS environment variable to allow requests from this host / port.
[2026-04-18T07:25:31.219Z] error: Host validation failed for: home.gawley.net. Hint: Set the HOMEPAGE_ALLOWED_HOSTS environment variable to allow requests from this host / port.
[2026-04-18T07:25:31.241Z] error: Host validation failed for: home.gawley.net. Hint: Set the HOMEPAGE_ALLOWED_HOSTS environment variable to allow requests from this host / port.
[2026-04-18T07:25:31.243Z] error: Host validation failed for: home.gawley.net. Hint: Set the HOMEPAGE_ALLOWED_HOSTS environment variable to allow requests from this host / port.
[2026-04-18T07:25:31.245Z] error: Host validation failed for: home.gawley.net. Hint: Set the HOMEPAGE_ALLOWED_HOSTS environment variable to allow requests from this host / port.
[2026-04-18T07:25:31.248Z] error: Host validation failed for: home.gawley.net. Hint: Set the HOMEPAGE_ALLOWED_HOSTS environment variable to allow requests from this host / port.
[2026-04-18T07:25:31.251Z] error: Host validation failed for: home.gawley.net. Hint: Set the HOMEPAGE_ALLOWED_HOSTS environment variable to allow requests from this host / port.
[2026-04-18T07:25:31.253Z] error: Host validation failed for: home.gawley.net. Hint: Set the HOMEPAGE_ALLOWED_HOSTS environment variable to allow requests from this host / port.
[2026-04-18T07:25:31.254Z] error: Host validation failed for: home.gawley.net. Hint: Set the HOMEPAGE_ALLOWED_HOSTS environment variable to allow requests from this host / port.
[2026-04-18T07:25:31.256Z] error: Host validation failed for: home.gawley.net. Hint: Set the HOMEPAGE_ALLOWED_HOSTS environment variable to allow requests from this host / port.
[2026-04-18T07:25:31.258Z] error: Host validation failed for: home.gawley.net. Hint: Set the HOMEPAGE_ALLOWED_HOSTS environment variable to allow requests from this host / port.
[2026-04-18T07:25:31.260Z] error: Host validation failed for: home.gawley.net. Hint: Set the HOMEPAGE_ALLOWED_HOSTS environment variable to allow requests from this host / port.
[2026-04-18T07:25:31.261Z] error: Host validation failed for: home.gawley.net. Hint: Set the HOMEPAGE_ALLOWED_HOSTS environment variable to allow requests from this host / port.
[2026-04-18T07:25:31.264Z] error: Host validation failed for: home.gawley.net. Hint: Set the HOMEPAGE_ALLOWED_HOSTS environment variable to allow requests from this host / port.
[2026-04-18T07:25:31.739Z] error: Host validation failed for: home.gawley.net. Hint: Set the HOMEPAGE_ALLOWED_HOSTS environment variable to allow requests from this host / port.
[2026-04-18T07:25:31.760Z] error: Host validation failed for: home.gawley.net. Hint: Set the HOMEPAGE_ALLOWED_HOSTS environment variable to allow requests from this host / port.
[2026-04-18T07:25:31.763Z] error: Host validation failed for: home.gawley.net. Hint: Set the HOMEPAGE_ALLOWED_HOSTS environment variable to allow requests from this host / port.
[2026-04-18T07:25:31.767Z] error: Host validation failed for: home.gawley.net. Hint: Set the HOMEPAGE_ALLOWED_HOSTS environment variable to allow requests from this host / port.
[2026-04-18T07:25:31.771Z] error: Host validation failed for: home.gawley.net. Hint: Set the HOMEPAGE_ALLOWED_HOSTS environment variable to allow requests from this host / port.
[2026-04-18T07:25:31.772Z] error: Host validation failed for: home.gawley.net. Hint: Set the HOMEPAGE_ALLOWED_HOSTS environment variable to allow requests from this host / port.
[2026-04-18T07:25:31.774Z] error: Host validation failed for: home.gawley.net. Hint: Set the HOMEPAGE_ALLOWED_HOSTS environment variable to allow requests from this host / port.
[2026-04-18T07:25:31.777Z] error: Host validation failed for: home.gawley.net. Hint: Set the HOMEPAGE_ALLOWED_HOSTS environment variable to allow requests from this host / port.
[2026-04-18T07:25:31.778Z] error: Host validation failed for: home.gawley.net. Hint: Set the HOMEPAGE_ALLOWED_HOSTS environment variable to allow requests from this host / port.
[2026-04-18T07:25:31.780Z] error: Host validation failed for: home.gawley.net. Hint: Set the HOMEPAGE_ALLOWED_HOSTS environment variable to allow requests from this host / port.
[2026-04-18T07:25:31.781Z] error: Host validation failed for: home.gawley.net. Hint: Set the HOMEPAGE_ALLOWED_HOSTS environment variable to allow requests from this host / port.
[2026-04-18T07:25:31.783Z] error: Host validation failed for: home.gawley.net. Hint: Set the HOMEPAGE_ALLOWED_HOSTS environment variable to allow requests from this host / port.
[2026-04-18T07:25:31.786Z] error: Host validation failed for: home.gawley.net. Hint: Set the HOMEPAGE_ALLOWED_HOSTS environment variable to allow requests from this host / port.
[2026-04-18T07:25:32.284Z] error: Host validation failed for: home.gawley.net. Hint: Set the HOMEPAGE_ALLOWED_HOSTS environment variable to allow requests from this host / port.
[2026-04-18T07:25:32.304Z] error: Host validation failed for: home.gawley.net. Hint: Set the HOMEPAGE_ALLOWED_HOSTS environment variable to allow requests from this host / port.
[2026-04-18T07:25:32.306Z] error: Host validation failed for: home.gawley.net. Hint: Set the HOMEPAGE_ALLOWED_HOSTS environment variable to allow requests from this host / port.
[2026-04-18T07:25:32.308Z] error: Host validation failed for: home.gawley.net. Hint: Set the HOMEPAGE_ALLOWED_HOSTS environment variable to allow requests from this host / port.
[2026-04-18T07:25:32.311Z] error: Host validation failed for: home.gawley.net. Hint: Set the HOMEPAGE_ALLOWED_HOSTS environment variable to allow requests from this host / port.
[2026-04-18T07:25:32.313Z] error: Host validation failed for: home.gawley.net. Hint: Set the HOMEPAGE_ALLOWED_HOSTS environment variable to allow requests from this host / port.
[2026-04-18T07:25:32.315Z] error: Host validation failed for: home.gawley.net. Hint: Set the HOMEPAGE_ALLOWED_HOSTS environment variable to allow requests from this host / port.
[2026-04-18T07:25:32.317Z] error: Host validation failed for: home.gawley.net. Hint: Set the HOMEPAGE_ALLOWED_HOSTS environment variable to allow requests from this host / port.
[2026-04-18T07:25:32.319Z] error: Host validation failed for: home.gawley.net. Hint: Set the HOMEPAGE_ALLOWED_HOSTS environment variable to allow requests from this host / port.
[2026-04-18T07:25:32.321Z] error: Host validation failed for: home.gawley.net. Hint: Set the HOMEPAGE_ALLOWED_HOSTS environment variable to allow requests from this host / port.
[2026-04-18T07:25:32.322Z] error: Host validation failed for: home.gawley.net. Hint: Set the HOMEPAGE_ALLOWED_HOSTS environment variable to allow requests from this host / port.
[2026-04-18T07:25:32.323Z] error: Host validation failed for: home.gawley.net. Hint: Set the HOMEPAGE_ALLOWED_HOSTS environment variable to allow requests from this host / port.
[2026-04-18T07:25:32.326Z] error: Host validation failed for: home.gawley.net. Hint: Set the HOMEPAGE_ALLOWED_HOSTS environment variable to allow requests from this host / port.
[2026-04-18T07:26:56.607Z] error: Host validation failed for: home.gawley.net. Hint: Set the HOMEPAGE_ALLOWED_HOSTS environment variable to allow requests from this host / port.
[2026-04-18T07:26:56.609Z] error: Host validation failed for: home.gawley.net. Hint: Set the HOMEPAGE_ALLOWED_HOSTS environment variable to allow requests from this host / port.
[2026-04-18T07:27:00.402Z] error: Host validation failed for: home.gawley.net. Hint: Set the HOMEPAGE_ALLOWED_HOSTS environment variable to allow requests from this host / port.
[2026-04-18T07:27:00.418Z] error: Host validation failed for: home.gawley.net. Hint: Set the HOMEPAGE_ALLOWED_HOSTS environment variable to allow requests from this host / port.
[2026-04-18T07:27:00.442Z] error: Host validation failed for: home.gawley.net. Hint: Set the HOMEPAGE_ALLOWED_HOSTS environment variable to allow requests from this host / port.
[2026-04-18T07:27:00.445Z] error: Host validation failed for: home.gawley.net. Hint: Set the HOMEPAGE_ALLOWED_HOSTS environment variable to allow requests from this host / port.
[2026-04-18T07:27:00.446Z] error: Host validation failed for: home.gawley.net. Hint: Set the HOMEPAGE_ALLOWED_HOSTS environment variable to allow requests from this host / port.
[2026-04-18T07:27:00.449Z] error: Host validation failed for: home.gawley.net. Hint: Set the HOMEPAGE_ALLOWED_HOSTS environment variable to allow requests from this host / port.
[2026-04-18T07:27:00.452Z] error: Host validation failed for: home.gawley.net. Hint: Set the HOMEPAGE_ALLOWED_HOSTS environment variable to allow requests from this host / port.
[2026-04-18T07:27:00.454Z] error: Host validation failed for: home.gawley.net. Hint: Set the HOMEPAGE_ALLOWED_HOSTS environment variable to allow requests from this host / port.
[2026-04-18T07:27:00.456Z] error: Host validation failed for: home.gawley.net. Hint: Set the HOMEPAGE_ALLOWED_HOSTS environment variable to allow requests from this host / port.
[2026-04-18T07:27:00.458Z] error: Host validation failed for: home.gawley.net. Hint: Set the HOMEPAGE_ALLOWED_HOSTS environment variable to allow requests from this host / port.
[2026-04-18T07:27:00.461Z] error: Host validation failed for: home.gawley.net. Hint: Set the HOMEPAGE_ALLOWED_HOSTS environment variable to allow requests from this host / port.
[2026-04-18T07:27:00.462Z] error: Host validation failed for: home.gawley.net. Hint: Set the HOMEPAGE_ALLOWED_HOSTS environment variable to allow requests from this host / port.
[2026-04-18T07:27:00.464Z] error: Host validation failed for: home.gawley.net. Hint: Set the HOMEPAGE_ALLOWED_HOSTS environment variable to allow requests from this host / port.
[2026-04-18T07:27:00.467Z] error: Host validation failed for: home.gawley.net. Hint: Set the HOMEPAGE_ALLOWED_HOSTS environment variable to allow requests from this host / port.
[2026-04-18T07:33:49.853Z] info: docker.yaml was copied to the config folder
[2026-04-18T07:33:49.855Z] info: proxmox.yaml was copied to the config folder
[2026-04-18T07:33:49.862Z] info: custom.css was copied to the config folder
[2026-04-18T07:33:49.863Z] info: custom.js was copied to the config folder
